2012-03-10 07:08:17-0500 [-] Log opened.
2012-03-10 07:08:17-0500 [-] twistd 10.1.0 (/usr/bin/python 2.6.6) starting up.
2012-03-10 07:08:17-0500 [-] reactor class: twisted.internet.selectreactor.SelectReactor.
2012-03-10 07:08:17-0500 [-] twisted.web.server.Site starting on 8080
2012-03-10 07:08:17-0500 [-] Starting factory <twisted.web.server.Site instance at 0x285ec68>
2012-03-10 07:09:00-0500 [HTTPChannel,0,78.72.171.187] Unhandled Error
	Traceback (most recent call last):
	  File "/usr/lib/python2.6/dist-packages/twisted/protocols/basic.py", line 251, in dataReceived
	    why = self.lineReceived(line)
	  File "/usr/lib/python2.6/dist-packages/twisted/web/http.py", line 1573, in lineReceived
	    self.allContentReceived()
	  File "/usr/lib/python2.6/dist-packages/twisted/web/http.py", line 1641, in allContentReceived
	    req.requestReceived(command, path, version)
	  File "/usr/lib/python2.6/dist-packages/twisted/web/http.py", line 807, in requestReceived
	    self.process()
	--- <exception caught here> ---
	  File "/usr/lib/python2.6/dist-packages/twisted/web/server.py", line 124, in process
	    resrc = self.site.getResourceFor(self)
	  File "/usr/lib/python2.6/dist-packages/twisted/web/server.py", line 523, in getResourceFor
	    return resource.getChildForRequest(self.resource, request)
	  File "/usr/lib/python2.6/dist-packages/twisted/web/resource.py", line 61, in getChildForRequest
	    resource = resource.getChildWithDefault(pathElement, request)
	  File "/usr/lib/python2.6/dist-packages/twisted/web/script.py", line 97, in getChildWithDefault
	    res = ResourceScript(self.path, self.registry)
	  File "/usr/lib/python2.6/dist-packages/twisted/web/script.py", line 64, in ResourceScript
	    execfile(path, glob, glob)
	exceptions.IOError: [Errno 2] No such file or directory: '/home/adria/Wrpp/shortener.rpy'
	
2012-03-10 07:09:00-0500 [HTTPChannel,0,78.72.171.187] 78.72.171.187 - - [10/Mar/2012:12:09:00 +0000] "GET / HTTP/1.1" 500 13649 "-" "Mozilla/5.0 (X11; Linux x86_64) AppleWebKit/535.11 (KHTML, like Gecko) Chrome/17.0.963.56 Safari/535.11"
2012-03-10 07:09:01-0500 [HTTPChannel,0,78.72.171.187] Unhandled Error
	Traceback (most recent call last):
	  File "/usr/lib/python2.6/dist-packages/twisted/protocols/basic.py", line 251, in dataReceived
	    why = self.lineReceived(line)
	  File "/usr/lib/python2.6/dist-packages/twisted/web/http.py", line 1573, in lineReceived
	    self.allContentReceived()
	  File "/usr/lib/python2.6/dist-packages/twisted/web/http.py", line 1641, in allContentReceived
	    req.requestReceived(command, path, version)
	  File "/usr/lib/python2.6/dist-packages/twisted/web/http.py", line 807, in requestReceived
	    self.process()
	--- <exception caught here> ---
	  File "/usr/lib/python2.6/dist-packages/twisted/web/server.py", line 124, in process
	    resrc = self.site.getResourceFor(self)
	  File "/usr/lib/python2.6/dist-packages/twisted/web/server.py", line 523, in getResourceFor
	    return resource.getChildForRequest(self.resource, request)
	  File "/usr/lib/python2.6/dist-packages/twisted/web/resource.py", line 61, in getChildForRequest
	    resource = resource.getChildWithDefault(pathElement, request)
	  File "/usr/lib/python2.6/dist-packages/twisted/web/script.py", line 97, in getChildWithDefault
	    res = ResourceScript(self.path, self.registry)
	  File "/usr/lib/python2.6/dist-packages/twisted/web/script.py", line 64, in ResourceScript
	    execfile(path, glob, glob)
	exceptions.IOError: [Errno 2] No such file or directory: '/home/adria/Wrpp/shortener.rpy'
	
2012-03-10 07:09:01-0500 [HTTPChannel,0,78.72.171.187] 78.72.171.187 - - [10/Mar/2012:12:09:00 +0000] "GET /favicon.ico HTTP/1.1" 500 13726 "-" "Mozilla/5.0 (X11; Linux x86_64) AppleWebKit/535.11 (KHTML, like Gecko) Chrome/17.0.963.56 Safari/535.11"
2012-03-10 07:12:23-0500 [-] Received SIGTERM, shutting down.
2012-03-10 07:12:23-0500 [-] (Port 8080 Closed)
2012-03-10 07:12:23-0500 [-] Stopping factory <twisted.web.server.Site instance at 0x285ec68>
2012-03-10 07:12:23-0500 [-] Main loop terminated.
2012-03-10 07:12:23-0500 [-] Server Shut Down.
2012-03-10 07:13:05-0500 [-] Log opened.
2012-03-10 07:13:05-0500 [-] twistd 10.1.0 (/usr/bin/python 2.6.6) starting up.
2012-03-10 07:13:05-0500 [-] reactor class: twisted.internet.selectreactor.SelectReactor.
2012-03-10 07:13:05-0500 [-] twisted.web.server.Site starting on 8080
2012-03-10 07:13:05-0500 [-] Starting factory <twisted.web.server.Site instance at 0x1b97d88>
2012-03-10 07:13:09-0500 [HTTPChannel,0,78.72.171.187] Unhandled Error
	Traceback (most recent call last):
	  File "/usr/lib/python2.6/dist-packages/twisted/protocols/basic.py", line 251, in dataReceived
	    why = self.lineReceived(line)
	  File "/usr/lib/python2.6/dist-packages/twisted/web/http.py", line 1573, in lineReceived
	    self.allContentReceived()
	  File "/usr/lib/python2.6/dist-packages/twisted/web/http.py", line 1641, in allContentReceived
	    req.requestReceived(command, path, version)
	  File "/usr/lib/python2.6/dist-packages/twisted/web/http.py", line 807, in requestReceived
	    self.process()
	--- <exception caught here> ---
	  File "/usr/lib/python2.6/dist-packages/twisted/web/server.py", line 124, in process
	    resrc = self.site.getResourceFor(self)
	  File "/usr/lib/python2.6/dist-packages/twisted/web/server.py", line 523, in getResourceFor
	    return resource.getChildForRequest(self.resource, request)
	  File "/usr/lib/python2.6/dist-packages/twisted/web/resource.py", line 61, in getChildForRequest
	    resource = resource.getChildWithDefault(pathElement, request)
	  File "/usr/lib/python2.6/dist-packages/twisted/web/script.py", line 97, in getChildWithDefault
	    res = ResourceScript(self.path, self.registry)
	  File "/usr/lib/python2.6/dist-packages/twisted/web/script.py", line 64, in ResourceScript
	    execfile(path, glob, glob)
	  File "/home/adria/Wrpp/src/shortener.rpy", line 26, in <module>
	    reactor.listenTCP("178.79.162.29:8880", factory)
	  File "/usr/lib/python2.6/dist-packages/twisted/internet/posixbase.py", line 419, in listenTCP
	    p.startListening()
	  File "/usr/lib/python2.6/dist-packages/twisted/internet/tcp.py", line 853, in startListening
	    skt.bind((self.interface, self.port))
	  File "<string>", line 1, in bind
	    
	exceptions.TypeError: an integer is required
	
2012-03-10 07:13:09-0500 [HTTPChannel,0,78.72.171.187] 78.72.171.187 - - [10/Mar/2012:12:13:09 +0000] "GET / HTTP/1.1" 500 20579 "-" "Mozilla/5.0 (X11; Linux x86_64) AppleWebKit/535.11 (KHTML, like Gecko) Chrome/17.0.963.56 Safari/535.11"
2012-03-10 07:13:10-0500 [HTTPChannel,0,78.72.171.187] Unhandled Error
	Traceback (most recent call last):
	  File "/usr/lib/python2.6/dist-packages/twisted/protocols/basic.py", line 251, in dataReceived
	    why = self.lineReceived(line)
	  File "/usr/lib/python2.6/dist-packages/twisted/web/http.py", line 1573, in lineReceived
	    self.allContentReceived()
	  File "/usr/lib/python2.6/dist-packages/twisted/web/http.py", line 1641, in allContentReceived
	    req.requestReceived(command, path, version)
	  File "/usr/lib/python2.6/dist-packages/twisted/web/http.py", line 807, in requestReceived
	    self.process()
	--- <exception caught here> ---
	  File "/usr/lib/python2.6/dist-packages/twisted/web/server.py", line 124, in process
	    resrc = self.site.getResourceFor(self)
	  File "/usr/lib/python2.6/dist-packages/twisted/web/server.py", line 523, in getResourceFor
	    return resource.getChildForRequest(self.resource, request)
	  File "/usr/lib/python2.6/dist-packages/twisted/web/resource.py", line 61, in getChildForRequest
	    resource = resource.getChildWithDefault(pathElement, request)
	  File "/usr/lib/python2.6/dist-packages/twisted/web/script.py", line 97, in getChildWithDefault
	    res = ResourceScript(self.path, self.registry)
	  File "/usr/lib/python2.6/dist-packages/twisted/web/script.py", line 64, in ResourceScript
	    execfile(path, glob, glob)
	  File "/home/adria/Wrpp/src/shortener.rpy", line 26, in <module>
	    reactor.listenTCP("178.79.162.29:8880", factory)
	  File "/usr/lib/python2.6/dist-packages/twisted/internet/posixbase.py", line 419, in listenTCP
	    p.startListening()
	  File "/usr/lib/python2.6/dist-packages/twisted/internet/tcp.py", line 853, in startListening
	    skt.bind((self.interface, self.port))
	  File "<string>", line 1, in bind
	    
	exceptions.TypeError: an integer is required
	
2012-03-10 07:13:10-0500 [HTTPChannel,0,78.72.171.187] 78.72.171.187 - - [10/Mar/2012:12:13:10 +0000] "GET /favicon.ico HTTP/1.1" 500 20656 "-" "Mozilla/5.0 (X11; Linux x86_64) AppleWebKit/535.11 (KHTML, like Gecko) Chrome/17.0.963.56 Safari/535.11"
2012-03-10 07:14:24-0500 [HTTPChannel,0,78.72.171.187] Unhandled Error
	Traceback (most recent call last):
	  File "/usr/lib/python2.6/dist-packages/twisted/protocols/basic.py", line 251, in dataReceived
	    why = self.lineReceived(line)
	  File "/usr/lib/python2.6/dist-packages/twisted/web/http.py", line 1573, in lineReceived
	    self.allContentReceived()
	  File "/usr/lib/python2.6/dist-packages/twisted/web/http.py", line 1641, in allContentReceived
	    req.requestReceived(command, path, version)
	  File "/usr/lib/python2.6/dist-packages/twisted/web/http.py", line 807, in requestReceived
	    self.process()
	--- <exception caught here> ---
	  File "/usr/lib/python2.6/dist-packages/twisted/web/server.py", line 124, in process
	    resrc = self.site.getResourceFor(self)
	  File "/usr/lib/python2.6/dist-packages/twisted/web/server.py", line 523, in getResourceFor
	    return resource.getChildForRequest(self.resource, request)
	  File "/usr/lib/python2.6/dist-packages/twisted/web/resource.py", line 61, in getChildForRequest
	    resource = resource.getChildWithDefault(pathElement, request)
	  File "/usr/lib/python2.6/dist-packages/twisted/web/script.py", line 97, in getChildWithDefault
	    res = ResourceScript(self.path, self.registry)
	  File "/usr/lib/python2.6/dist-packages/twisted/web/script.py", line 64, in ResourceScript
	    execfile(path, glob, glob)
	exceptions.IndentationError: expected an indented block (shortener.rpy, line 12)
	
2012-03-10 07:14:24-0500 [HTTPChannel,0,78.72.171.187] 78.72.171.187 - - [10/Mar/2012:12:14:24 +0000] "GET / HTTP/1.1" 500 13643 "-" "Mozilla/5.0 (X11; Linux x86_64) AppleWebKit/535.11 (KHTML, like Gecko) Chrome/17.0.963.56 Safari/535.11"
2012-03-10 07:14:25-0500 [HTTPChannel,0,78.72.171.187] Unhandled Error
	Traceback (most recent call last):
	  File "/usr/lib/python2.6/dist-packages/twisted/protocols/basic.py", line 251, in dataReceived
	    why = self.lineReceived(line)
	  File "/usr/lib/python2.6/dist-packages/twisted/web/http.py", line 1573, in lineReceived
	    self.allContentReceived()
	  File "/usr/lib/python2.6/dist-packages/twisted/web/http.py", line 1641, in allContentReceived
	    req.requestReceived(command, path, version)
	  File "/usr/lib/python2.6/dist-packages/twisted/web/http.py", line 807, in requestReceived
	    self.process()
	--- <exception caught here> ---
	  File "/usr/lib/python2.6/dist-packages/twisted/web/server.py", line 124, in process
	    resrc = self.site.getResourceFor(self)
	  File "/usr/lib/python2.6/dist-packages/twisted/web/server.py", line 523, in getResourceFor
	    return resource.getChildForRequest(self.resource, request)
	  File "/usr/lib/python2.6/dist-packages/twisted/web/resource.py", line 61, in getChildForRequest
	    resource = resource.getChildWithDefault(pathElement, request)
	  File "/usr/lib/python2.6/dist-packages/twisted/web/script.py", line 97, in getChildWithDefault
	    res = ResourceScript(self.path, self.registry)
	  File "/usr/lib/python2.6/dist-packages/twisted/web/script.py", line 64, in ResourceScript
	    execfile(path, glob, glob)
	exceptions.IndentationError: expected an indented block (shortener.rpy, line 12)
	
2012-03-10 07:14:25-0500 [HTTPChannel,0,78.72.171.187] 78.72.171.187 - - [10/Mar/2012:12:14:25 +0000] "GET /favicon.ico HTTP/1.1" 500 13720 "-" "Mozilla/5.0 (X11; Linux x86_64) AppleWebKit/535.11 (KHTML, like Gecko) Chrome/17.0.963.56 Safari/535.11"
2012-03-10 07:14:47-0500 [HTTPChannel,0,78.72.171.187] Unhandled Error
	Traceback (most recent call last):
	  File "/usr/lib/python2.6/dist-packages/twisted/protocols/basic.py", line 251, in dataReceived
	    why = self.lineReceived(line)
	  File "/usr/lib/python2.6/dist-packages/twisted/web/http.py", line 1573, in lineReceived
	    self.allContentReceived()
	  File "/usr/lib/python2.6/dist-packages/twisted/web/http.py", line 1641, in allContentReceived
	    req.requestReceived(command, path, version)
	  File "/usr/lib/python2.6/dist-packages/twisted/web/http.py", line 807, in requestReceived
	    self.process()
	--- <exception caught here> ---
	  File "/usr/lib/python2.6/dist-packages/twisted/web/server.py", line 124, in process
	    resrc = self.site.getResourceFor(self)
	  File "/usr/lib/python2.6/dist-packages/twisted/web/server.py", line 523, in getResourceFor
	    return resource.getChildForRequest(self.resource, request)
	  File "/usr/lib/python2.6/dist-packages/twisted/web/resource.py", line 61, in getChildForRequest
	    resource = resource.getChildWithDefault(pathElement, request)
	  File "/usr/lib/python2.6/dist-packages/twisted/web/script.py", line 97, in getChildWithDefault
	    res = ResourceScript(self.path, self.registry)
	  File "/usr/lib/python2.6/dist-packages/twisted/web/script.py", line 64, in ResourceScript
	    execfile(path, glob, glob)
	exceptions.IndentationError: expected an indented block (shortener.rpy, line 12)
	
2012-03-10 07:14:47-0500 [HTTPChannel,0,78.72.171.187] 78.72.171.187 - - [10/Mar/2012:12:14:47 +0000] "GET / HTTP/1.1" 500 13643 "-" "Mozilla/5.0 (X11; Linux x86_64) AppleWebKit/535.11 (KHTML, like Gecko) Chrome/17.0.963.56 Safari/535.11"
2012-03-10 07:14:48-0500 [HTTPChannel,0,78.72.171.187] Unhandled Error
	Traceback (most recent call last):
	  File "/usr/lib/python2.6/dist-packages/twisted/protocols/basic.py", line 251, in dataReceived
	    why = self.lineReceived(line)
	  File "/usr/lib/python2.6/dist-packages/twisted/web/http.py", line 1573, in lineReceived
	    self.allContentReceived()
	  File "/usr/lib/python2.6/dist-packages/twisted/web/http.py", line 1641, in allContentReceived
	    req.requestReceived(command, path, version)
	  File "/usr/lib/python2.6/dist-packages/twisted/web/http.py", line 807, in requestReceived
	    self.process()
	--- <exception caught here> ---
	  File "/usr/lib/python2.6/dist-packages/twisted/web/server.py", line 124, in process
	    resrc = self.site.getResourceFor(self)
	  File "/usr/lib/python2.6/dist-packages/twisted/web/server.py", line 523, in getResourceFor
	    return resource.getChildForRequest(self.resource, request)
	  File "/usr/lib/python2.6/dist-packages/twisted/web/resource.py", line 61, in getChildForRequest
	    resource = resource.getChildWithDefault(pathElement, request)
	  File "/usr/lib/python2.6/dist-packages/twisted/web/script.py", line 97, in getChildWithDefault
	    res = ResourceScript(self.path, self.registry)
	  File "/usr/lib/python2.6/dist-packages/twisted/web/script.py", line 64, in ResourceScript
	    execfile(path, glob, glob)
	exceptions.IndentationError: expected an indented block (shortener.rpy, line 12)
	
2012-03-10 07:14:48-0500 [HTTPChannel,0,78.72.171.187] 78.72.171.187 - - [10/Mar/2012:12:14:47 +0000] "GET /favicon.ico HTTP/1.1" 500 13720 "-" "Mozilla/5.0 (X11; Linux x86_64) AppleWebKit/535.11 (KHTML, like Gecko) Chrome/17.0.963.56 Safari/535.11"
2012-03-10 07:19:43-0500 [HTTPChannel,0,78.72.171.187] Unhandled Error
	Traceback (most recent call last):
	  File "/usr/lib/python2.6/dist-packages/twisted/protocols/basic.py", line 251, in dataReceived
	    why = self.lineReceived(line)
	  File "/usr/lib/python2.6/dist-packages/twisted/web/http.py", line 1573, in lineReceived
	    self.allContentReceived()
	  File "/usr/lib/python2.6/dist-packages/twisted/web/http.py", line 1641, in allContentReceived
	    req.requestReceived(command, path, version)
	  File "/usr/lib/python2.6/dist-packages/twisted/web/http.py", line 807, in requestReceived
	    self.process()
	--- <exception caught here> ---
	  File "/usr/lib/python2.6/dist-packages/twisted/web/server.py", line 124, in process
	    resrc = self.site.getResourceFor(self)
	  File "/usr/lib/python2.6/dist-packages/twisted/web/server.py", line 523, in getResourceFor
	    return resource.getChildForRequest(self.resource, request)
	  File "/usr/lib/python2.6/dist-packages/twisted/web/resource.py", line 61, in getChildForRequest
	    resource = resource.getChildWithDefault(pathElement, request)
	  File "/usr/lib/python2.6/dist-packages/twisted/web/script.py", line 97, in getChildWithDefault
	    res = ResourceScript(self.path, self.registry)
	  File "/usr/lib/python2.6/dist-packages/twisted/web/script.py", line 64, in ResourceScript
	    execfile(path, glob, glob)
	exceptions.IndentationError: expected an indented block (shortener.rpy, line 12)
	
2012-03-10 07:19:43-0500 [HTTPChannel,0,78.72.171.187] 78.72.171.187 - - [10/Mar/2012:12:19:43 +0000] "GET /favicon.ico HTTP/1.1" 500 13720 "-" "Mozilla/5.0 (X11; Linux x86_64) AppleWebKit/535.11 (KHTML, like Gecko) Chrome/17.0.963.56 Safari/535.11"
2012-03-10 07:23:05-0500 [-] Received SIGTERM, shutting down.
2012-03-10 07:23:05-0500 [-] (Port 8080 Closed)
2012-03-10 07:23:05-0500 [-] Stopping factory <twisted.web.server.Site instance at 0x1b97d88>
2012-03-10 07:23:05-0500 [-] Main loop terminated.
2012-03-10 07:23:05-0500 [-] Server Shut Down.
2012-03-10 07:29:38-0500 [-] Log opened.
2012-03-10 07:29:38-0500 [-] twistd 10.1.0 (/usr/bin/python 2.6.6) starting up.
2012-03-10 07:29:38-0500 [-] reactor class: twisted.internet.selectreactor.SelectReactor.
2012-03-10 07:29:38-0500 [-] twisted.web.server.Site starting on 8080
2012-03-10 07:29:38-0500 [-] Starting factory <twisted.web.server.Site instance at 0x15d1d88>
2012-03-10 07:29:43-0500 [HTTPChannel,0,78.72.171.187] Unhandled Error
	Traceback (most recent call last):
	  File "/usr/lib/python2.6/dist-packages/twisted/protocols/basic.py", line 251, in dataReceived
	    why = self.lineReceived(line)
	  File "/usr/lib/python2.6/dist-packages/twisted/web/http.py", line 1573, in lineReceived
	    self.allContentReceived()
	  File "/usr/lib/python2.6/dist-packages/twisted/web/http.py", line 1641, in allContentReceived
	    req.requestReceived(command, path, version)
	  File "/usr/lib/python2.6/dist-packages/twisted/web/http.py", line 807, in requestReceived
	    self.process()
	--- <exception caught here> ---
	  File "/usr/lib/python2.6/dist-packages/twisted/web/server.py", line 124, in process
	    resrc = self.site.getResourceFor(self)
	  File "/usr/lib/python2.6/dist-packages/twisted/web/server.py", line 523, in getResourceFor
	    return resource.getChildForRequest(self.resource, request)
	  File "/usr/lib/python2.6/dist-packages/twisted/web/resource.py", line 61, in getChildForRequest
	    resource = resource.getChildWithDefault(pathElement, request)
	  File "/usr/lib/python2.6/dist-packages/twisted/web/script.py", line 97, in getChildWithDefault
	    res = ResourceScript(self.path, self.registry)
	  File "/usr/lib/python2.6/dist-packages/twisted/web/script.py", line 64, in ResourceScript
	    execfile(path, glob, glob)
	  File "/home/adria/Wrpp/src/shortener.rpy", line 7, in <module>
	    reactor.listenTCP(8080, factory)
	  File "/usr/lib/python2.6/dist-packages/twisted/internet/posixbase.py", line 419, in listenTCP
	    p.startListening()
	  File "/usr/lib/python2.6/dist-packages/twisted/internet/tcp.py", line 855, in startListening
	    raise CannotListenError, (self.interface, self.port, le)
	twisted.internet.error.CannotListenError: Couldn't listen on any:8080: [Errno 98] Address already in use.
	
2012-03-10 07:29:43-0500 [HTTPChannel,0,78.72.171.187] 78.72.171.187 - - [10/Mar/2012:12:29:42 +0000] "GET / HTTP/1.1" 500 20401 "-" "Mozilla/5.0 (X11; Linux x86_64) AppleWebKit/535.11 (KHTML, like Gecko) Chrome/17.0.963.56 Safari/535.11"
2012-03-10 07:29:44-0500 [HTTPChannel,0,78.72.171.187] Unhandled Error
	Traceback (most recent call last):
	  File "/usr/lib/python2.6/dist-packages/twisted/protocols/basic.py", line 251, in dataReceived
	    why = self.lineReceived(line)
	  File "/usr/lib/python2.6/dist-packages/twisted/web/http.py", line 1573, in lineReceived
	    self.allContentReceived()
	  File "/usr/lib/python2.6/dist-packages/twisted/web/http.py", line 1641, in allContentReceived
	    req.requestReceived(command, path, version)
	  File "/usr/lib/python2.6/dist-packages/twisted/web/http.py", line 807, in requestReceived
	    self.process()
	--- <exception caught here> ---
	  File "/usr/lib/python2.6/dist-packages/twisted/web/server.py", line 124, in process
	    resrc = self.site.getResourceFor(self)
	  File "/usr/lib/python2.6/dist-packages/twisted/web/server.py", line 523, in getResourceFor
	    return resource.getChildForRequest(self.resource, request)
	  File "/usr/lib/python2.6/dist-packages/twisted/web/resource.py", line 61, in getChildForRequest
	    resource = resource.getChildWithDefault(pathElement, request)
	  File "/usr/lib/python2.6/dist-packages/twisted/web/script.py", line 97, in getChildWithDefault
	    res = ResourceScript(self.path, self.registry)
	  File "/usr/lib/python2.6/dist-packages/twisted/web/script.py", line 64, in ResourceScript
	    execfile(path, glob, glob)
	  File "/home/adria/Wrpp/src/shortener.rpy", line 7, in <module>
	    reactor.listenTCP(8080, factory)
	  File "/usr/lib/python2.6/dist-packages/twisted/internet/posixbase.py", line 419, in listenTCP
	    p.startListening()
	  File "/usr/lib/python2.6/dist-packages/twisted/internet/tcp.py", line 855, in startListening
	    raise CannotListenError, (self.interface, self.port, le)
	twisted.internet.error.CannotListenError: Couldn't listen on any:8080: [Errno 98] Address already in use.
	
2012-03-10 07:29:44-0500 [HTTPChannel,0,78.72.171.187] 78.72.171.187 - - [10/Mar/2012:12:29:43 +0000] "GET /favicon.ico HTTP/1.1" 500 20478 "-" "Mozilla/5.0 (X11; Linux x86_64) AppleWebKit/535.11 (KHTML, like Gecko) Chrome/17.0.963.56 Safari/535.11"
2012-03-10 07:30:09-0500 [-] Received SIGTERM, shutting down.
2012-03-10 07:30:09-0500 [-] (Port 8080 Closed)
2012-03-10 07:30:09-0500 [-] Stopping factory <twisted.web.server.Site instance at 0x15d1d88>
2012-03-10 07:30:09-0500 [-] Main loop terminated.
2012-03-10 07:30:09-0500 [-] Server Shut Down.
2012-03-10 07:30:30-0500 [-] Log opened.
2012-03-10 07:30:30-0500 [-] twistd 10.1.0 (/usr/bin/python 2.6.6) starting up.
2012-03-10 07:30:30-0500 [-] reactor class: twisted.internet.selectreactor.SelectReactor.
2012-03-10 07:30:30-0500 [-] twisted.web.server.Site starting on 8080
2012-03-10 07:30:30-0500 [-] Starting factory <twisted.web.server.Site instance at 0x22d9d88>
2012-03-10 07:30:33-0500 [HTTPChannel,0,78.72.171.187] Unhandled Error
	Traceback (most recent call last):
	  File "/usr/lib/python2.6/dist-packages/twisted/protocols/basic.py", line 251, in dataReceived
	    why = self.lineReceived(line)
	  File "/usr/lib/python2.6/dist-packages/twisted/web/http.py", line 1573, in lineReceived
	    self.allContentReceived()
	  File "/usr/lib/python2.6/dist-packages/twisted/web/http.py", line 1641, in allContentReceived
	    req.requestReceived(command, path, version)
	  File "/usr/lib/python2.6/dist-packages/twisted/web/http.py", line 807, in requestReceived
	    self.process()
	--- <exception caught here> ---
	  File "/usr/lib/python2.6/dist-packages/twisted/web/server.py", line 124, in process
	    resrc = self.site.getResourceFor(self)
	  File "/usr/lib/python2.6/dist-packages/twisted/web/server.py", line 523, in getResourceFor
	    return resource.getChildForRequest(self.resource, request)
	  File "/usr/lib/python2.6/dist-packages/twisted/web/resource.py", line 61, in getChildForRequest
	    resource = resource.getChildWithDefault(pathElement, request)
	  File "/usr/lib/python2.6/dist-packages/twisted/web/script.py", line 97, in getChildWithDefault
	    res = ResourceScript(self.path, self.registry)
	  File "/usr/lib/python2.6/dist-packages/twisted/web/script.py", line 64, in ResourceScript
	    execfile(path, glob, glob)
	  File "/home/adria/Wrpp/src/shortener.rpy", line 7, in <module>
	    reactor.listenTCP(8080, factory)
	  File "/usr/lib/python2.6/dist-packages/twisted/internet/posixbase.py", line 419, in listenTCP
	    p.startListening()
	  File "/usr/lib/python2.6/dist-packages/twisted/internet/tcp.py", line 855, in startListening
	    raise CannotListenError, (self.interface, self.port, le)
	twisted.internet.error.CannotListenError: Couldn't listen on any:8080: [Errno 98] Address already in use.
	
2012-03-10 07:30:33-0500 [HTTPChannel,0,78.72.171.187] 78.72.171.187 - - [10/Mar/2012:12:30:33 +0000] "GET / HTTP/1.1" 500 20401 "-" "Mozilla/5.0 (X11; Linux x86_64) AppleWebKit/535.11 (KHTML, like Gecko) Chrome/17.0.963.56 Safari/535.11"
2012-03-10 07:30:34-0500 [HTTPChannel,0,78.72.171.187] Unhandled Error
	Traceback (most recent call last):
	  File "/usr/lib/python2.6/dist-packages/twisted/protocols/basic.py", line 251, in dataReceived
	    why = self.lineReceived(line)
	  File "/usr/lib/python2.6/dist-packages/twisted/web/http.py", line 1573, in lineReceived
	    self.allContentReceived()
	  File "/usr/lib/python2.6/dist-packages/twisted/web/http.py", line 1641, in allContentReceived
	    req.requestReceived(command, path, version)
	  File "/usr/lib/python2.6/dist-packages/twisted/web/http.py", line 807, in requestReceived
	    self.process()
	--- <exception caught here> ---
	  File "/usr/lib/python2.6/dist-packages/twisted/web/server.py", line 124, in process
	    resrc = self.site.getResourceFor(self)
	  File "/usr/lib/python2.6/dist-packages/twisted/web/server.py", line 523, in getResourceFor
	    return resource.getChildForRequest(self.resource, request)
	  File "/usr/lib/python2.6/dist-packages/twisted/web/resource.py", line 61, in getChildForRequest
	    resource = resource.getChildWithDefault(pathElement, request)
	  File "/usr/lib/python2.6/dist-packages/twisted/web/script.py", line 97, in getChildWithDefault
	    res = ResourceScript(self.path, self.registry)
	  File "/usr/lib/python2.6/dist-packages/twisted/web/script.py", line 64, in ResourceScript
	    execfile(path, glob, glob)
	  File "/home/adria/Wrpp/src/shortener.rpy", line 7, in <module>
	    reactor.listenTCP(8080, factory)
	  File "/usr/lib/python2.6/dist-packages/twisted/internet/posixbase.py", line 419, in listenTCP
	    p.startListening()
	  File "/usr/lib/python2.6/dist-packages/twisted/internet/tcp.py", line 855, in startListening
	    raise CannotListenError, (self.interface, self.port, le)
	twisted.internet.error.CannotListenError: Couldn't listen on any:8080: [Errno 98] Address already in use.
	
2012-03-10 07:30:34-0500 [HTTPChannel,0,78.72.171.187] 78.72.171.187 - - [10/Mar/2012:12:30:34 +0000] "GET /favicon.ico HTTP/1.1" 500 20478 "-" "Mozilla/5.0 (X11; Linux x86_64) AppleWebKit/535.11 (KHTML, like Gecko) Chrome/17.0.963.56 Safari/535.11"
2012-03-10 07:30:47-0500 [-] Received SIGTERM, shutting down.
2012-03-10 07:30:47-0500 [-] (Port 8080 Closed)
2012-03-10 07:30:47-0500 [-] Stopping factory <twisted.web.server.Site instance at 0x22d9d88>
2012-03-10 07:30:47-0500 [-] Main loop terminated.
2012-03-10 07:30:47-0500 [-] Server Shut Down.
2012-03-10 07:31:05-0500 [-] Log opened.
2012-03-10 07:31:05-0500 [-] twistd 10.1.0 (/usr/bin/python 2.6.6) starting up.
2012-03-10 07:31:05-0500 [-] reactor class: twisted.internet.selectreactor.SelectReactor.
2012-03-10 07:31:05-0500 [-] twisted.web.server.Site starting on 8080
2012-03-10 07:31:05-0500 [-] Starting factory <twisted.web.server.Site instance at 0x2525d88>
2012-03-10 07:31:48-0500 [-] Received SIGTERM, shutting down.
2012-03-10 07:31:48-0500 [-] (Port 8080 Closed)
2012-03-10 07:31:48-0500 [-] Stopping factory <twisted.web.server.Site instance at 0x2525d88>
2012-03-10 07:31:48-0500 [-] Main loop terminated.
2012-03-10 07:31:48-0500 [-] Server Shut Down.
